Flow report for DE2Bot
Mon Mar 25 13:43:31 2019
Quartus II 64-Bit Version 9.1 Build 350 03/24/2010 Service Pack 2 SJ Full Version


---------------------
; Table of Contents ;
---------------------
  1. Legal Notice
  2. Flow Summary
  3. Flow Settings
  4. Flow Non-Default Global Settings
  5. Flow Elapsed Time
  6. Flow OS Summary
  7. Flow Log



----------------
; Legal Notice ;
----------------
Copyright (C) 1991-2010 Altera Corporation
Your use of Altera Corporation's design tools, logic functions 
and other software and tools, and its AMPP partner logic 
functions, and any output files from any of the foregoing 
(including device programming or simulation files), and any 
associated documentation or information are expressly subject 
to the terms and conditions of the Altera Program License 
Subscription Agreement, Altera MegaCore Function License 
Agreement, or other applicable license agreement, including, 
without limitation, that your use is for the sole purpose of 
programming logic devices manufactured by Altera and sold by 
Altera or its authorized distributors.  Please refer to the 
applicable agreement for further details.



+------------------------------------------------------------------------------------+
; Flow Summary                                                                       ;
+------------------------------------+-----------------------------------------------+
; Flow Status                        ; Successful - Mon Mar 25 13:43:31 2019         ;
; Quartus II Version                 ; 9.1 Build 350 03/24/2010 SP 2 SJ Full Version ;
; Revision Name                      ; DE2Bot                                        ;
; Top-level Entity Name              ; DE2bot                                        ;
; Family                             ; Cyclone II                                    ;
; Device                             ; EP2C35F672C6                                  ;
; Timing Models                      ; Final                                         ;
; Met timing requirements            ; No                                            ;
; Total logic elements               ; 5,577 / 33,216 ( 17 % )                       ;
;     Total combinational functions  ; 5,012 / 33,216 ( 15 % )                       ;
;     Dedicated logic registers      ; 2,279 / 33,216 ( 7 % )                        ;
; Total registers                    ; 2279                                          ;
; Total pins                         ; 182 / 475 ( 38 % )                            ;
; Total virtual pins                 ; 0                                             ;
; Total memory bits                  ; 107,264 / 483,840 ( 22 % )                    ;
; Embedded Multiplier 9-bit elements ; 42 / 70 ( 60 % )                              ;
; Total PLLs                         ; 2 / 4 ( 50 % )                                ;
; Quartus II 64-Bit Version          ; 9.1 Build 350 03/24/2010 SP 2 SJ Full Version ;
+------------------------------------+-----------------------------------------------+


+-----------------------------------------+
; Flow Settings                           ;
+-------------------+---------------------+
; Option            ; Setting             ;
+-------------------+---------------------+
; Start date & time ; 03/14/2019 13:31:10 ;
; Main task         ; Compilation         ;
; Revision Name     ; DE2Bot              ;
+-------------------+---------------------+


+----------------------------------------------------------------------------------------------------------------------+
; Flow Non-Default Global Settings                                                                                     ;
+-------------------------------------+---------------------------------+---------------+-------------+----------------+
; Assignment Name                     ; Value                           ; Default Value ; Entity Name ; Section Id     ;
+-------------------------------------+---------------------------------+---------------+-------------+----------------+
; COMPILER_SIGNATURE_ID               ; 238368714641003.155258467026680 ; --            ; --          ; --             ;
; ENABLE_CLOCK_LATENCY                ; On                              ; Off           ; --          ; --             ;
; IP_TOOL_NAME                        ; LPM_FF                          ; --            ; --          ; --             ;
; IP_TOOL_VERSION                     ; 9.1                             ; --            ; --          ; --             ;
; MAX_CORE_JUNCTION_TEMP              ; 85                              ; --            ; --          ; --             ;
; MIN_CORE_JUNCTION_TEMP              ; 0                               ; --            ; --          ; --             ;
; MISC_FILE                           ; ir_lpm_dff9.bsf                 ; --            ; --          ; --             ;
; MISC_FILE                           ; ir_lpm_dff9.cmp                 ; --            ; --          ; --             ;
; OUTPUT_PIN_LOAD                     ; 1                               ; --            ; --          ; 3.3-V LVTTL    ;
; OUTPUT_PIN_LOAD                     ; 1                               ; --            ; --          ; 3.3-V LVCMOS   ;
; PARTITION_COLOR                     ; 16764057                        ; --            ; DE2bot      ; Top            ;
; PARTITION_FITTER_PRESERVATION_LEVEL ; PLACEMENT_AND_ROUTING           ; --            ; DE2bot      ; Top            ;
; PARTITION_NETLIST_TYPE              ; SOURCE                          ; --            ; DE2bot      ; Top            ;
; SMART_RECOMPILE                     ; On                              ; Off           ; --          ; --             ;
; USE_GENERATED_PHYSICAL_CONSTRAINTS  ; Off                             ; --            ; --          ; eda_blast_fpga ;
+-------------------------------------+---------------------------------+---------------+-------------+----------------+


+-----------------------------------------------------------------------------------------------------------------------------+
; Flow Elapsed Time                                                                                                           ;
+-------------------------+--------------+-------------------------+---------------------+------------------------------------+
; Module Name             ; Elapsed Time ; Average Processors Used ; Peak Virtual Memory ; Total CPU Time (on all processors) ;
+-------------------------+--------------+-------------------------+---------------------+------------------------------------+
; Analysis & Synthesis    ; 00:00:42     ; 1.0                     ; 324 MB              ; 00:00:26                           ;
; Fitter                  ; 00:00:30     ; 2.3                     ; 387 MB              ; 00:00:44                           ;
; Assembler               ; 00:00:04     ; 1.0                     ; 295 MB              ; 00:00:02                           ;
; Classic Timing Analyzer ; 00:00:04     ; 1.0                     ; 242 MB              ; 00:00:04                           ;
; MIF/HEX Update          ; 00:00:01     ; 1.0                     ; 266 MB              ; 00:00:01                           ;
; Assembler               ; 00:00:04     ; 1.0                     ; 297 MB              ; 00:00:02                           ;
; MIF/HEX Update          ; 00:00:02     ; 1.0                     ; 266 MB              ; 00:00:01                           ;
; Assembler               ; 00:00:03     ; 1.0                     ; 297 MB              ; 00:00:02                           ;
; MIF/HEX Update          ; 00:00:02     ; 1.0                     ; 266 MB              ; 00:00:01                           ;
; Assembler               ; 00:00:03     ; 1.0                     ; 297 MB              ; 00:00:02                           ;
; MIF/HEX Update          ; 00:00:01     ; 1.0                     ; 266 MB              ; 00:00:01                           ;
; Assembler               ; 00:00:03     ; 1.0                     ; 297 MB              ; 00:00:02                           ;
; MIF/HEX Update          ; 00:00:02     ; 1.0                     ; 266 MB              ; 00:00:01                           ;
; Assembler               ; 00:00:03     ; 1.0                     ; 297 MB              ; 00:00:02                           ;
; MIF/HEX Update          ; 00:00:02     ; 1.0                     ; 266 MB              ; 00:00:01                           ;
; Assembler               ; 00:00:03     ; 1.0                     ; 297 MB              ; 00:00:02                           ;
; MIF/HEX Update          ; 00:00:02     ; 1.0                     ; 266 MB              ; 00:00:01                           ;
; Assembler               ; 00:00:03     ; 1.0                     ; 297 MB              ; 00:00:02                           ;
; MIF/HEX Update          ; 00:00:01     ; 1.0                     ; 266 MB              ; 00:00:01                           ;
; Assembler               ; 00:00:04     ; 1.0                     ; 297 MB              ; 00:00:02                           ;
; MIF/HEX Update          ; 00:00:02     ; 1.0                     ; 266 MB              ; 00:00:01                           ;
; Assembler               ; 00:00:03     ; 1.0                     ; 297 MB              ; 00:00:02                           ;
; MIF/HEX Update          ; 00:00:01     ; 1.0                     ; 266 MB              ; 00:00:01                           ;
; Assembler               ; 00:00:03     ; 1.0                     ; 297 MB              ; 00:00:02                           ;
; MIF/HEX Update          ; 00:00:02     ; 1.0                     ; 266 MB              ; 00:00:01                           ;
; Assembler               ; 00:00:03     ; 1.0                     ; 297 MB              ; 00:00:02                           ;
; MIF/HEX Update          ; 00:00:02     ; 1.0                     ; 266 MB              ; 00:00:01                           ;
; Assembler               ; 00:00:03     ; 1.0                     ; 297 MB              ; 00:00:02                           ;
; MIF/HEX Update          ; 00:00:02     ; 1.0                     ; 266 MB              ; 00:00:01                           ;
; Assembler               ; 00:00:03     ; 1.0                     ; 297 MB              ; 00:00:02                           ;
; MIF/HEX Update          ; 00:00:02     ; 1.0                     ; 266 MB              ; 00:00:01                           ;
; Assembler               ; 00:00:04     ; 1.0                     ; 297 MB              ; 00:00:02                           ;
; MIF/HEX Update          ; 00:00:01     ; 1.0                     ; 266 MB              ; 00:00:01                           ;
; Assembler               ; 00:00:03     ; 1.0                     ; 297 MB              ; 00:00:02                           ;
; MIF/HEX Update          ; 00:00:01     ; 1.0                     ; 266 MB              ; 00:00:01                           ;
; Assembler               ; 00:00:04     ; 1.0                     ; 297 MB              ; 00:00:02                           ;
; MIF/HEX Update          ; 00:00:01     ; 1.0                     ; 259 MB              ; 00:00:01                           ;
; Assembler               ; 00:00:03     ; 1.0                     ; 294 MB              ; 00:00:02                           ;
; MIF/HEX Update          ; 00:00:02     ; 1.0                     ; 259 MB              ; 00:00:01                           ;
; Assembler               ; 00:00:04     ; 1.0                     ; 294 MB              ; 00:00:02                           ;
; MIF/HEX Update          ; 00:00:03     ; 1.0                     ; 4477 MB             ; 00:00:01                           ;
; MIF/HEX Update          ; 00:00:02     ; 1.0                     ; 4477 MB             ; 00:00:01                           ;
; Assembler               ; 00:00:05     ; 1.0                     ; 4485 MB             ; 00:00:02                           ;
; MIF/HEX Update          ; 00:00:02     ; 1.0                     ; 4477 MB             ; 00:00:01                           ;
; Assembler               ; 00:00:04     ; 1.0                     ; 4485 MB             ; 00:00:02                           ;
; MIF/HEX Update          ; 00:00:02     ; 1.0                     ; 4477 MB             ; 00:00:01                           ;
; Assembler               ; 00:00:04     ; 1.0                     ; 4485 MB             ; 00:00:02                           ;
; MIF/HEX Update          ; 00:00:02     ; 1.0                     ; 4477 MB             ; 00:00:01                           ;
; Assembler               ; 00:00:04     ; 1.0                     ; 4485 MB             ; 00:00:02                           ;
; MIF/HEX Update          ; 00:00:02     ; 1.0                     ; 4477 MB             ; 00:00:01                           ;
; Assembler               ; 00:00:04     ; 1.0                     ; 4485 MB             ; 00:00:02                           ;
; MIF/HEX Update          ; 00:00:02     ; 1.0                     ; 4477 MB             ; 00:00:01                           ;
; Assembler               ; 00:00:04     ; 1.0                     ; 4485 MB             ; 00:00:02                           ;
; MIF/HEX Update          ; 00:00:02     ; 1.0                     ; 4477 MB             ; 00:00:01                           ;
; Assembler               ; 00:00:04     ; 1.0                     ; 4485 MB             ; 00:00:02                           ;
; MIF/HEX Update          ; 00:00:02     ; 1.0                     ; 4477 MB             ; 00:00:01                           ;
; Assembler               ; 00:00:04     ; 1.0                     ; 4485 MB             ; 00:00:02                           ;
; MIF/HEX Update          ; 00:00:01     ; 1.0                     ; 4477 MB             ; 00:00:01                           ;
; Assembler               ; 00:00:04     ; 1.0                     ; 4485 MB             ; 00:00:02                           ;
; MIF/HEX Update          ; 00:00:02     ; 1.0                     ; 4477 MB             ; 00:00:01                           ;
; Assembler               ; 00:00:04     ; 1.0                     ; 4485 MB             ; 00:00:02                           ;
; Total                   ; 00:03:51     ; --                      ; --                  ; 00:02:41                           ;
+-------------------------+--------------+-------------------------+---------------------+------------------------------------+


+------------------------------------------------------------------------------------------+
; Flow OS Summary                                                                          ;
+-------------------------+------------------+---------------+------------+----------------+
; Module Name             ; Machine Hostname ; OS Name       ; OS Version ; Processor type ;
+-------------------------+------------------+---------------+------------+----------------+
; Analysis & Synthesis    ; 2031LAB012       ; Windows Vista ; 6.2        ; x86_64         ;
; Fitter                  ; 2031LAB012       ; Windows Vista ; 6.2        ; x86_64         ;
; Assembler               ; 2031LAB012       ; Windows Vista ; 6.2        ; x86_64         ;
; Classic Timing Analyzer ; 2031LAB012       ; Windows Vista ; 6.2        ; x86_64         ;
; MIF/HEX Update          ; 2031LAB012       ; Windows Vista ; 6.2        ; x86_64         ;
; Assembler               ; 2031LAB012       ; Windows Vista ; 6.2        ; x86_64         ;
; MIF/HEX Update          ; 2031LAB012       ; Windows Vista ; 6.2        ; x86_64         ;
; Assembler               ; 2031LAB012       ; Windows Vista ; 6.2        ; x86_64         ;
; MIF/HEX Update          ; 2031LAB012       ; Windows Vista ; 6.2        ; x86_64         ;
; Assembler               ; 2031LAB012       ; Windows Vista ; 6.2        ; x86_64         ;
; MIF/HEX Update          ; 2031LAB012       ; Windows Vista ; 6.2        ; x86_64         ;
; Assembler               ; 2031LAB012       ; Windows Vista ; 6.2        ; x86_64         ;
; MIF/HEX Update          ; 2031LAB012       ; Windows Vista ; 6.2        ; x86_64         ;
; Assembler               ; 2031LAB012       ; Windows Vista ; 6.2        ; x86_64         ;
; MIF/HEX Update          ; 2031LAB012       ; Windows Vista ; 6.2        ; x86_64         ;
; Assembler               ; 2031LAB012       ; Windows Vista ; 6.2        ; x86_64         ;
; MIF/HEX Update          ; 2031LAB012       ; Windows Vista ; 6.2        ; x86_64         ;
; Assembler               ; 2031LAB012       ; Windows Vista ; 6.2        ; x86_64         ;
; MIF/HEX Update          ; 2031LAB012       ; Windows Vista ; 6.2        ; x86_64         ;
; Assembler               ; 2031LAB012       ; Windows Vista ; 6.2        ; x86_64         ;
; MIF/HEX Update          ; 2031LAB012       ; Windows Vista ; 6.2        ; x86_64         ;
; Assembler               ; 2031LAB012       ; Windows Vista ; 6.2        ; x86_64         ;
; MIF/HEX Update          ; 2031LAB012       ; Windows Vista ; 6.2        ; x86_64         ;
; Assembler               ; 2031LAB012       ; Windows Vista ; 6.2        ; x86_64         ;
; MIF/HEX Update          ; 2031LAB012       ; Windows Vista ; 6.2        ; x86_64         ;
; Assembler               ; 2031LAB012       ; Windows Vista ; 6.2        ; x86_64         ;
; MIF/HEX Update          ; 2031LAB012       ; Windows Vista ; 6.2        ; x86_64         ;
; Assembler               ; 2031LAB012       ; Windows Vista ; 6.2        ; x86_64         ;
; MIF/HEX Update          ; 2031LAB012       ; Windows Vista ; 6.2        ; x86_64         ;
; Assembler               ; 2031LAB012       ; Windows Vista ; 6.2        ; x86_64         ;
; MIF/HEX Update          ; 2031LAB012       ; Windows Vista ; 6.2        ; x86_64         ;
; Assembler               ; 2031LAB012       ; Windows Vista ; 6.2        ; x86_64         ;
; MIF/HEX Update          ; 2031LAB012       ; Windows Vista ; 6.2        ; x86_64         ;
; Assembler               ; 2031LAB012       ; Windows Vista ; 6.2        ; x86_64         ;
; MIF/HEX Update          ; 2031LAB012       ; Windows Vista ; 6.2        ; x86_64         ;
; Assembler               ; 2031LAB012       ; Windows Vista ; 6.2        ; x86_64         ;
; MIF/HEX Update          ; 2031LAB004       ; Windows Vista ; 6.2        ; x86_64         ;
; Assembler               ; 2031LAB004       ; Windows Vista ; 6.2        ; x86_64         ;
; MIF/HEX Update          ; 2031LAB004       ; Windows Vista ; 6.2        ; x86_64         ;
; Assembler               ; 2031LAB004       ; Windows Vista ; 6.2        ; x86_64         ;
; MIF/HEX Update          ; 2031LAB012       ; Windows Vista ; 6.2        ; x86_64         ;
; MIF/HEX Update          ; 2031LAB012       ; Windows Vista ; 6.2        ; x86_64         ;
; Assembler               ; 2031LAB012       ; Windows Vista ; 6.2        ; x86_64         ;
; MIF/HEX Update          ; 2031LAB012       ; Windows Vista ; 6.2        ; x86_64         ;
; Assembler               ; 2031LAB012       ; Windows Vista ; 6.2        ; x86_64         ;
; MIF/HEX Update          ; 2031LAB012       ; Windows Vista ; 6.2        ; x86_64         ;
; Assembler               ; 2031LAB012       ; Windows Vista ; 6.2        ; x86_64         ;
; MIF/HEX Update          ; 2031LAB012       ; Windows Vista ; 6.2        ; x86_64         ;
; Assembler               ; 2031LAB012       ; Windows Vista ; 6.2        ; x86_64         ;
; MIF/HEX Update          ; 2031LAB012       ; Windows Vista ; 6.2        ; x86_64         ;
; Assembler               ; 2031LAB012       ; Windows Vista ; 6.2        ; x86_64         ;
; MIF/HEX Update          ; 2031LAB012       ; Windows Vista ; 6.2        ; x86_64         ;
; Assembler               ; 2031LAB012       ; Windows Vista ; 6.2        ; x86_64         ;
; MIF/HEX Update          ; 2031LAB012       ; Windows Vista ; 6.2        ; x86_64         ;
; Assembler               ; 2031LAB012       ; Windows Vista ; 6.2        ; x86_64         ;
; MIF/HEX Update          ; 2031LAB012       ; Windows Vista ; 6.2        ; x86_64         ;
; Assembler               ; 2031LAB012       ; Windows Vista ; 6.2        ; x86_64         ;
; MIF/HEX Update          ; 2031LAB012       ; Windows Vista ; 6.2        ; x86_64         ;
; Assembler               ; 2031LAB012       ; Windows Vista ; 6.2        ; x86_64         ;
; MIF/HEX Update          ; 2031LAB012       ; Windows Vista ; 6.2        ; x86_64         ;
; Assembler               ; 2031LAB012       ; Windows Vista ; 6.2        ; x86_64         ;
+-------------------------+------------------+---------------+------------+----------------+


------------
; Flow Log ;
------------
quartus_map --read_settings_files=on --write_settings_files=off DE2Bot -c DE2Bot
quartus_fit --read_settings_files=off --write_settings_files=off DE2Bot -c DE2Bot
quartus_asm --read_settings_files=off --write_settings_files=off DE2Bot -c DE2Bot
quartus_tan --read_settings_files=off --write_settings_files=off DE2Bot -c DE2Bot --timing_analysis_only
quartus_cdb DE2Bot -c DE2Bot --update_mif
quartus_asm --read_settings_files=on --write_settings_files=off DE2Bot -c DE2Bot
quartus_cdb DE2Bot -c DE2Bot --update_mif
quartus_asm --read_settings_files=on --write_settings_files=off DE2Bot -c DE2Bot
quartus_cdb DE2Bot -c DE2Bot --update_mif
quartus_asm --read_settings_files=on --write_settings_files=off DE2Bot -c DE2Bot
quartus_cdb DE2Bot -c DE2Bot --update_mif
quartus_asm --read_settings_files=on --write_settings_files=off DE2Bot -c DE2Bot
quartus_cdb DE2Bot -c DE2Bot --update_mif
quartus_asm --read_settings_files=on --write_settings_files=off DE2Bot -c DE2Bot
quartus_cdb DE2Bot -c DE2Bot --update_mif
quartus_asm --read_settings_files=on --write_settings_files=off DE2Bot -c DE2Bot
quartus_cdb DE2Bot -c DE2Bot --update_mif
quartus_asm --read_settings_files=on --write_settings_files=off DE2Bot -c DE2Bot
quartus_cdb DE2Bot -c DE2Bot --update_mif
quartus_asm --read_settings_files=on --write_settings_files=off DE2Bot -c DE2Bot
quartus_cdb DE2Bot -c DE2Bot --update_mif
quartus_asm --read_settings_files=on --write_settings_files=off DE2Bot -c DE2Bot
quartus_cdb DE2Bot -c DE2Bot --update_mif
quartus_asm --read_settings_files=on --write_settings_files=off DE2Bot -c DE2Bot
quartus_cdb DE2Bot -c DE2Bot --update_mif
quartus_asm --read_settings_files=on --write_settings_files=off DE2Bot -c DE2Bot
quartus_cdb DE2Bot -c DE2Bot --update_mif
quartus_asm --read_settings_files=on --write_settings_files=off DE2Bot -c DE2Bot
quartus_cdb DE2Bot -c DE2Bot --update_mif
quartus_asm --read_settings_files=on --write_settings_files=off DE2Bot -c DE2Bot
quartus_cdb DE2Bot -c DE2Bot --update_mif
quartus_asm --read_settings_files=on --write_settings_files=off DE2Bot -c DE2Bot
quartus_cdb DE2Bot -c DE2Bot --update_mif
quartus_asm --read_settings_files=on --write_settings_files=off DE2Bot -c DE2Bot
quartus_cdb DE2Bot -c DE2Bot --update_mif
quartus_asm --read_settings_files=on --write_settings_files=off DE2Bot -c DE2Bot
quartus_cdb DE2Bot -c DE2Bot --update_mif
quartus_asm --read_settings_files=on --write_settings_files=off DE2Bot -c DE2Bot
quartus_cdb DE2Bot -c DE2Bot --update_mif
quartus_asm --read_settings_files=on --write_settings_files=off DE2Bot -c DE2Bot
quartus_cdb DE2Bot -c DE2Bot --update_mif
quartus_cdb DE2Bot -c DE2Bot --update_mif
quartus_asm --read_settings_files=on --write_settings_files=off DE2Bot -c DE2Bot
quartus_cdb DE2Bot -c DE2Bot --update_mif
quartus_asm --read_settings_files=on --write_settings_files=off DE2Bot -c DE2Bot
quartus_cdb DE2Bot -c DE2Bot --update_mif
quartus_asm --read_settings_files=on --write_settings_files=off DE2Bot -c DE2Bot
quartus_cdb DE2Bot -c DE2Bot --update_mif
quartus_asm --read_settings_files=on --write_settings_files=off DE2Bot -c DE2Bot
quartus_cdb DE2Bot -c DE2Bot --update_mif
quartus_asm --read_settings_files=on --write_settings_files=off DE2Bot -c DE2Bot
quartus_cdb DE2Bot -c DE2Bot --update_mif
quartus_asm --read_settings_files=on --write_settings_files=off DE2Bot -c DE2Bot
quartus_cdb DE2Bot -c DE2Bot --update_mif
quartus_asm --read_settings_files=on --write_settings_files=off DE2Bot -c DE2Bot
quartus_cdb DE2Bot -c DE2Bot --update_mif
quartus_asm --read_settings_files=on --write_settings_files=off DE2Bot -c DE2Bot
quartus_cdb DE2Bot -c DE2Bot --update_mif
quartus_asm --read_settings_files=on --write_settings_files=off DE2Bot -c DE2Bot
quartus_cdb DE2Bot -c DE2Bot --update_mif
quartus_asm --read_settings_files=on --write_settings_files=off DE2Bot -c DE2Bot



